<?xml version="1.0" encoding="UTF-8"?>
<!-- Generated by org.testng.reporters.JUnitReportReporter -->
<testsuite hostname="SRIL-1413H12" name="com.framework.selenium.test.GoogleSearchTC" tests="1" failures="0" timestamp="5 Jan 2016 05:17:59 GMT" time="25.386" errors="0">
  <testcase name="search" time="25.386" classname="com.framework.selenium.test.GoogleSearchTC"/>
</testsuite> <!-- com.framework.selenium.test.GoogleSearchTC -->
